<?xml version="1.0" encoding="UTF-8"?>
<!-- Generated by org.testng.reporters.JUnitReportReporter -->
<testsuite hostname="DESKTOP-8DPVRQ3" failures="0" tests="1" name="com.maven.ashot.AshotRunner" time="10.007" errors="0" timestamp="2021-07-04T10:15:51 IST" skipped="0">
  <testcase classname="com.maven.ashot.AshotRunner" name="VerifyTest" time="10.007"/>
  <system-out/>
</testsuite> <!-- com.maven.ashot.AshotRunner -->
