<?xml version="1.0" encoding="UTF-8"?>
<!-- Generated by org.testng.reporters.JUnitReportReporter -->
<testsuite hostname="DESKTOP-8DPVRQ3" failures="0" tests="1" name="com.maven.testng.ashot.AshotRunner" time="6.127" errors="0" timestamp="2021-07-04T09:42:51 IST" skipped="0">
  <testcase classname="com.maven.testng.ashot.AshotRunner" name="test" time="6.127"/>
  <system-out/>
</testsuite> <!-- com.maven.testng.ashot.AshotRunner -->
